08:12:32 **** Build of configuration Debug for project update13-04 ****
make all 
Building file: ../avl.c
Invoking: Cross GCC Compiler
gcc -O0 -g3 -Wall -c -fmessage-length=0 -MMD -MP -MF"avl.d" -MT"avl.d" -o "avl.o" "../avl.c"
Finished building: ../avl.c
 
Building file: ../cp.c
Invoking: Cross GCC Compiler
gcc -O0 -g3 -Wall -c -fmessage-length=0 -MMD -MP -MF"cp.d" -MT"cp.d" -o "cp.o" "../cp.c"
Finished building: ../cp.c
 
Building file: ../list.c
Invoking: Cross GCC Compiler
gcc -O0 -g3 -Wall -c -fmessage-length=0 -MMD -MP -MF"list.d" -MT"list.d" -o "list.o" "../list.c"
Finished building: ../list.c
 
Building file: ../main.c
Invoking: Cross GCC Compiler
gcc -O0 -g3 -Wall -c -fmessage-length=0 -MMD -MP -MF"main.d" -MT"main.d" -o "main.o" "../main.c"
Finished building: ../main.c
 
Building target: update13-04
Invoking: Cross GCC Linker
gcc  -o "update13-04"  ./avl.o ./cp.o ./list.o ./main.o   
Finished building target: update13-04
 
08:12:39 **** Incremental Build of configuration Debug for project update13-04 ****
make all 
Building file: ../main.c
Invoking: Cross GCC Compiler
gcc -O0 -g3 -Wall -c -fmessage-length=0 -MMD -MP -MF"main.d" -MT"main.d" -o "main.o" "../main.c"
../main.c: In function ‘main’:
../main.c:33:5: error: expected ‘;’ before ‘printf’
     printf("Escolha o caso de teste abaixo:\n\n");
     ^
../main.c:39:5: error: expected ‘;’ before ‘int’
     int j;
     ^
../main.c:40:9: error: ‘j’ undeclared (first use in this function)
     for(j=1; j <= qtest; j++ )
         ^
../main.c:40:9: note: each undeclared identifier is reported only once for each function it appears in
make: ** [main.o] Erro 1
08:13:01 **** Incremental Build of configuration Debug for project update13-04 ****
make all 
Building file: ../main.c
Invoking: Cross GCC Compiler
gcc -O0 -g3 -Wall -c -fmessage-length=0 -MMD -MP -MF"main.d" -MT"main.d" -o "main.o" "../main.c"
Finished building: ../main.c
 
Building target: update13-04
Invoking: Cross GCC Linker
gcc  -o "update13-04"  ./avl.o ./cp.o ./list.o ./main.o   
Finished building target: update13-04
 
08:48:02 **** Incremental Build of configuration Debug for project update13-04 ****
make all 
Building file: ../main.c
Invoking: Cross GCC Compiler
gcc -O0 -g3 -Wall -c -fmessage-length=0 -MMD -MP -MF"main.d" -MT"main.d" -o "main.o" "../main.c"
../main.c: In function ‘main’:
../main.c:59:74: warning: missing terminating " character [enabled by default]
     printf("4 - Buscar numero 1 inserido manualmente em todos testes\n");")
                                                                          ^
../main.c:59:5: error: missing terminating " character
     printf("4 - Buscar numero 1 inserido manualmente em todos testes\n");")
     ^
make: ** [main.o] Erro 1
08:48:28 **** Incremental Build of configuration Debug for project update13-04 ****
make all 
Building file: ../main.c
Invoking: Cross GCC Compiler
gcc -O0 -g3 -Wall -c -fmessage-length=0 -MMD -MP -MF"main.d" -MT"main.d" -o "main.o" "../main.c"
Finished building: ../main.c
 
Building target: update13-04
Invoking: Cross GCC Linker
gcc  -o "update13-04"  ./avl.o ./cp.o ./list.o ./main.o   
Finished building target: update13-04
 
08:49:54 **** Incremental Build of configuration Debug for project update13-04 ****
make all 
Building file: ../main.c
Invoking: Cross GCC Compiler
gcc -O0 -g3 -Wall -c -fmessage-length=0 -MMD -MP -MF"main.d" -MT"main.d" -o "main.o" "../main.c"
Finished building: ../main.c
 
Building target: update13-04
Invoking: Cross GCC Linker
gcc  -o "update13-04"  ./avl.o ./cp.o ./list.o ./main.o   
Finished building target: update13-04
 
08:51:52 **** Incremental Build of configuration Debug for project update13-04 ****
make all 
make: Nada a ser feito para `all'.
08:52:42 **** Incremental Build of configuration Debug for project update13-04 ****
make all 
make: Nada a ser feito para `all'.
08:53:28 **** Incremental Build of configuration Debug for project update13-04 ****
make all 
make: Nada a ser feito para `all'.
08:56:01 **** Incremental Build of configuration Debug for project update13-04 ****
make all 
Building file: ../main.c
Invoking: Cross GCC Compiler
gcc -O0 -g3 -Wall -c -fmessage-length=0 -MMD -MP -MF"main.d" -MT"main.d" -o "main.o" "../main.c"
Finished building: ../main.c
 
Building target: update13-04
Invoking: Cross GCC Linker
gcc  -o "update13-04"  ./avl.o ./cp.o ./list.o ./main.o   
Finished building target: update13-04
 
08:56:11 **** Incremental Build of configuration Debug for project update13-04 ****
make all 
Building file: ../main.c
Invoking: Cross GCC Compiler
gcc -O0 -g3 -Wall -c -fmessage-length=0 -MMD -MP -MF"main.d" -MT"main.d" -o "main.o" "../main.c"
Finished building: ../main.c
 
Building target: update13-04
Invoking: Cross GCC Linker
gcc  -o "update13-04"  ./avl.o ./cp.o ./list.o ./main.o   
Finished building target: update13-04
 
08:59:38 **** Incremental Build of configuration Debug for project update13-04 ****
make all 
Building file: ../main.c
Invoking: Cross GCC Compiler
gcc -O0 -g3 -Wall -c -fmessage-length=0 -MMD -MP -MF"main.d" -MT"main.d" -o "main.o" "../main.c"
Finished building: ../main.c
 
Building target: update13-04
Invoking: Cross GCC Linker
gcc  -o "update13-04"  ./avl.o ./cp.o ./list.o ./main.o   
Finished building target: update13-04
 
09:01:48 **** Incremental Build of configuration Debug for project update13-04 ****
make all 
Building file: ../main.c
Invoking: Cross GCC Compiler
gcc -O0 -g3 -Wall -c -fmessage-length=0 -MMD -MP -MF"main.d" -MT"main.d" -o "main.o" "../main.c"
Finished building: ../main.c
 
Building target: update13-04
Invoking: Cross GCC Linker
gcc  -o "update13-04"  ./avl.o ./cp.o ./list.o ./main.o   
Finished building target: update13-04
 
09:04:07 **** Incremental Build of configuration Debug for project update13-04 ****
make all 
Building file: ../main.c
Invoking: Cross GCC Compiler
gcc -O0 -g3 -Wall -c -fmessage-length=0 -MMD -MP -MF"main.d" -MT"main.d" -o "main.o" "../main.c"
Finished building: ../main.c
 
Building target: update13-04
Invoking: Cross GCC Linker
gcc  -o "update13-04"  ./avl.o ./cp.o ./list.o ./main.o   
Finished building target: update13-04
 
09:08:10 **** Incremental Build of configuration Debug for project update13-04 ****
make all 
Building file: ../avl.c
Invoking: Cross GCC Compiler
gcc -O0 -g3 -Wall -c -fmessage-length=0 -MMD -MP -MF"avl.d" -MT"avl.d" -o "avl.o" "../avl.c"
Finished building: ../avl.c
 
Building file: ../cp.c
Invoking: Cross GCC Compiler
gcc -O0 -g3 -Wall -c -fmessage-length=0 -MMD -MP -MF"cp.d" -MT"cp.d" -o "cp.o" "../cp.c"
Finished building: ../cp.c
 
Building target: update13-04
Invoking: Cross GCC Linker
gcc  -o "update13-04"  ./avl.o ./cp.o ./list.o ./main.o   
Finished building target: update13-04
 
09:09:18 **** Incremental Build of configuration Debug for project update13-04 ****
make all 
Building file: ../main.c
Invoking: Cross GCC Compiler
gcc -O0 -g3 -Wall -c -fmessage-length=0 -MMD -MP -MF"main.d" -MT"main.d" -o "main.o" "../main.c"
Finished building: ../main.c
 
Building target: update13-04
Invoking: Cross GCC Linker
gcc  -o "update13-04"  ./avl.o ./cp.o ./list.o ./main.o   
Finished building target: update13-04
 
09:11:27 **** Incremental Build of configuration Debug for project update13-04 ****
make all 
Building file: ../avl.c
Invoking: Cross GCC Compiler
gcc -O0 -g3 -Wall -c -fmessage-length=0 -MMD -MP -MF"avl.d" -MT"avl.d" -o "avl.o" "../avl.c"
Finished building: ../avl.c
 
Building file: ../cp.c
Invoking: Cross GCC Compiler
gcc -O0 -g3 -Wall -c -fmessage-length=0 -MMD -MP -MF"cp.d" -MT"cp.d" -o "cp.o" "../cp.c"
Finished building: ../cp.c
 
Building target: update13-04
Invoking: Cross GCC Linker
gcc  -o "update13-04"  ./avl.o ./cp.o ./list.o ./main.o   
Finished building target: update13-04
 
09:13:13 **** Incremental Build of configuration Debug for project update13-04 ****
make all 
Building file: ../avl.c
Invoking: Cross GCC Compiler
gcc -O0 -g3 -Wall -c -fmessage-length=0 -MMD -MP -MF"avl.d" -MT"avl.d" -o "avl.o" "../avl.c"
Finished building: ../avl.c
 
Building file: ../cp.c
Invoking: Cross GCC Compiler
gcc -O0 -g3 -Wall -c -fmessage-length=0 -MMD -MP -MF"cp.d" -MT"cp.d" -o "cp.o" "../cp.c"
Finished building: ../cp.c
 
Building target: update13-04
Invoking: Cross GCC Linker
gcc  -o "update13-04"  ./avl.o ./cp.o ./list.o ./main.o   
Finished building target: update13-04
 
09:13:57 **** Incremental Build of configuration Debug for project update13-04 ****
make all 
make: Nada a ser feito para `all'.
09:17:05 **** Incremental Build of configuration Debug for project update13-04 ****
make all 
Building file: ../list.c
Invoking: Cross GCC Compiler
gcc -O0 -g3 -Wall -c -fmessage-length=0 -MMD -MP -MF"list.d" -MT"list.d" -o "list.o" "../list.c"
Finished building: ../list.c
 
Building target: update13-04
Invoking: Cross GCC Linker
gcc  -o "update13-04"  ./avl.o ./cp.o ./list.o ./main.o   
Finished building target: update13-04
 
09:17:41 **** Incremental Build of configuration Debug for project update13-04 ****
make all 
make: Nada a ser feito para `all'.
09:19:18 **** Incremental Build of configuration Debug for project update13-04 ****
make all 
Building file: ../list.c
Invoking: Cross GCC Compiler
gcc -O0 -g3 -Wall -c -fmessage-length=0 -MMD -MP -MF"list.d" -MT"list.d" -o "list.o" "../list.c"
Finished building: ../list.c
 
Building target: update13-04
Invoking: Cross GCC Linker
gcc  -o "update13-04"  ./avl.o ./cp.o ./list.o ./main.o   
Finished building target: update13-04
 
09:19:53 **** Incremental Build of configuration Debug for project update13-04 ****
make all 
Building file: ../list.c
Invoking: Cross GCC Compiler
gcc -O0 -g3 -Wall -c -fmessage-length=0 -MMD -MP -MF"list.d" -MT"list.d" -o "list.o" "../list.c"
Finished building: ../list.c
 
Building target: update13-04
Invoking: Cross GCC Linker
gcc  -o "update13-04"  ./avl.o ./cp.o ./list.o ./main.o   
Finished building target: update13-04
 
09:21:26 **** Incremental Build of configuration Debug for project update13-04 ****
make all 
Building file: ../list.c
Invoking: Cross GCC Compiler
gcc -O0 -g3 -Wall -c -fmessage-length=0 -MMD -MP -MF"list.d" -MT"list.d" -o "list.o" "../list.c"
Finished building: ../list.c
 
Building target: update13-04
Invoking: Cross GCC Linker
gcc  -o "update13-04"  ./avl.o ./cp.o ./list.o ./main.o   
Finished building target: update13-04
 
09:29:10 **** Incremental Build of configuration Debug for project update13-04 ****
make all 
Building file: ../list.c
Invoking: Cross GCC Compiler
gcc -O0 -g3 -Wall -c -fmessage-length=0 -MMD -MP -MF"list.d" -MT"list.d" -o "list.o" "../list.c"
Finished building: ../list.c
 
Building file: ../main.c
Invoking: Cross GCC Compiler
gcc -O0 -g3 -Wall -c -fmessage-length=0 -MMD -MP -MF"main.d" -MT"main.d" -o "main.o" "../main.c"
../main.c: In function ‘main’:
../main.c:126:19: error: ‘X’ undeclared (first use in this function)
   printf("x: %d", X);
                   ^
../main.c:126:19: note: each undeclared identifier is reported only once for each function it appears in
make: ** [main.o] Erro 1
09:29:17 **** Incremental Build of configuration Debug for project update13-04 ****
make all 
Building file: ../main.c
Invoking: Cross GCC Compiler
gcc -O0 -g3 -Wall -c -fmessage-length=0 -MMD -MP -MF"main.d" -MT"main.d" -o "main.o" "../main.c"
Finished building: ../main.c
 
Building target: update13-04
Invoking: Cross GCC Linker
gcc  -o "update13-04"  ./avl.o ./cp.o ./list.o ./main.o   
Finished building target: update13-04
 
09:30:45 **** Incremental Build of configuration Debug for project update13-04 ****
make all 
Building file: ../list.c
Invoking: Cross GCC Compiler
gcc -O0 -g3 -Wall -c -fmessage-length=0 -MMD -MP -MF"list.d" -MT"list.d" -o "list.o" "../list.c"
Finished building: ../list.c
 
Building target: update13-04
Invoking: Cross GCC Linker
gcc  -o "update13-04"  ./avl.o ./cp.o ./list.o ./main.o   
Finished building target: update13-04
 
09:33:23 **** Incremental Build of configuration Debug for project update13-04 ****
make all 
Building file: ../main.c
Invoking: Cross GCC Compiler
gcc -O0 -g3 -Wall -c -fmessage-length=0 -MMD -MP -MF"main.d" -MT"main.d" -o "main.o" "../main.c"
Finished building: ../main.c
 
Building target: update13-04
Invoking: Cross GCC Linker
gcc  -o "update13-04"  ./avl.o ./cp.o ./list.o ./main.o   
Finished building target: update13-04
 
09:35:50 **** Incremental Build of configuration Debug for project update13-04 ****
make all 
Building file: ../main.c
Invoking: Cross GCC Compiler
gcc -O0 -g3 -Wall -c -fmessage-length=0 -MMD -MP -MF"main.d" -MT"main.d" -o "main.o" "../main.c"
Finished building: ../main.c
 
Building target: update13-04
Invoking: Cross GCC Linker
gcc  -o "update13-04"  ./avl.o ./cp.o ./list.o ./main.o   
Finished building target: update13-04
 
09:38:04 **** Incremental Build of configuration Debug for project update13-04 ****
make all 
Building file: ../cp.c
Invoking: Cross GCC Compiler
gcc -O0 -g3 -Wall -c -fmessage-length=0 -MMD -MP -MF"cp.d" -MT"cp.d" -o "cp.o" "../cp.c"
Finished building: ../cp.c
 
Building target: update13-04
Invoking: Cross GCC Linker
gcc  -o "update13-04"  ./avl.o ./cp.o ./list.o ./main.o   
Finished building target: update13-04
 
09:43:18 **** Incremental Build of configuration Debug for project update13-04 ****
make all 
Building file: ../list.c
Invoking: Cross GCC Compiler
gcc -O0 -g3 -Wall -c -fmessage-length=0 -MMD -MP -MF"list.d" -MT"list.d" -o "list.o" "../list.c"
Finished building: ../list.c
 
Building file: ../main.c
Invoking: Cross GCC Compiler
gcc -O0 -g3 -Wall -c -fmessage-length=0 -MMD -MP -MF"main.d" -MT"main.d" -o "main.o" "../main.c"
Finished building: ../main.c
 
Building target: update13-04
Invoking: Cross GCC Linker
gcc  -o "update13-04"  ./avl.o ./cp.o ./list.o ./main.o   
Finished building target: update13-04
 
10:21:51 **** Incremental Build of configuration Debug for project update13-04 ****
make all 
Building file: ../main.c
Invoking: Cross GCC Compiler
gcc -O0 -g3 -Wall -c -fmessage-length=0 -MMD -MP -MF"main.d" -MT"main.d" -o "main.o" "../main.c"
Finished building: ../main.c
 
Building target: update13-04
Invoking: Cross GCC Linker
gcc  -o "update13-04"  ./avl.o ./cp.o ./list.o ./main.o   
Finished building target: update13-04
 
10:24:20 **** Incremental Build of configuration Debug for project update13-04 ****
make all 
Building file: ../main.c
Invoking: Cross GCC Compiler
gcc -O0 -g3 -Wall -c -fmessage-length=0 -MMD -MP -MF"main.d" -MT"main.d" -o "main.o" "../main.c"
Finished building: ../main.c
 
Building target: update13-04
Invoking: Cross GCC Linker
gcc  -o "update13-04"  ./avl.o ./cp.o ./list.o ./main.o   
Finished building target: update13-04
 
10:25:58 **** Incremental Build of configuration Debug for project update13-04 ****
make all 
Building file: ../main.c
Invoking: Cross GCC Compiler
gcc -O0 -g3 -Wall -c -fmessage-length=0 -MMD -MP -MF"main.d" -MT"main.d" -o "main.o" "../main.c"
Finished building: ../main.c
 
Building target: update13-04
Invoking: Cross GCC Linker
gcc  -o "update13-04"  ./avl.o ./cp.o ./list.o ./main.o   
Finished building target: update13-04
 
10:28:24 **** Incremental Build of configuration Debug for project update13-04 ****
make all 
Building file: ../main.c
Invoking: Cross GCC Compiler
gcc -O0 -g3 -Wall -c -fmessage-length=0 -MMD -MP -MF"main.d" -MT"main.d" -o "main.o" "../main.c"
Finished building: ../main.c
 
Building target: update13-04
Invoking: Cross GCC Linker
gcc  -o "update13-04"  ./avl.o ./cp.o ./list.o ./main.o   
Finished building target: update13-04
 
10:29:33 **** Incremental Build of configuration Debug for project update13-04 ****
make all 
make: Nada a ser feito para `all'.
10:31:03 **** Incremental Build of configuration Debug for project update13-04 ****
make all 
Building file: ../main.c
Invoking: Cross GCC Compiler
gcc -O0 -g3 -Wall -c -fmessage-length=0 -MMD -MP -MF"main.d" -MT"main.d" -o "main.o" "../main.c"
Finished building: ../main.c
 
Building target: update13-04
Invoking: Cross GCC Linker
gcc  -o "update13-04"  ./avl.o ./cp.o ./list.o ./main.o   
Finished building target: update13-04
 
10:32:19 **** Incremental Build of configuration Debug for project update13-04 ****
make all 
Building file: ../main.c
Invoking: Cross GCC Compiler
gcc -O0 -g3 -Wall -c -fmessage-length=0 -MMD -MP -MF"main.d" -MT"main.d" -o "main.o" "../main.c"
Finished building: ../main.c
 
Building target: update13-04
Invoking: Cross GCC Linker
gcc  -o "update13-04"  ./avl.o ./cp.o ./list.o ./main.o   
Finished building target: update13-04
 
10:33:21 **** Incremental Build of configuration Debug for project update13-04 ****
make all 
Building file: ../main.c
Invoking: Cross GCC Compiler
gcc -O0 -g3 -Wall -c -fmessage-length=0 -MMD -MP -MF"main.d" -MT"main.d" -o "main.o" "../main.c"
Finished building: ../main.c
 
Building target: update13-04
Invoking: Cross GCC Linker
gcc  -o "update13-04"  ./avl.o ./cp.o ./list.o ./main.o   
Finished building target: update13-04
 
10:34:01 **** Incremental Build of configuration Debug for project update13-04 ****
make all 
Building file: ../main.c
Invoking: Cross GCC Compiler
gcc -O0 -g3 -Wall -c -fmessage-length=0 -MMD -MP -MF"main.d" -MT"main.d" -o "main.o" "../main.c"
Finished building: ../main.c
 
Building target: update13-04
Invoking: Cross GCC Linker
gcc  -o "update13-04"  ./avl.o ./cp.o ./list.o ./main.o   
Finished building target: update13-04
 
10:34:45 **** Incremental Build of configuration Debug for project update13-04 ****
make all 
Building file: ../main.c
Invoking: Cross GCC Compiler
gcc -O0 -g3 -Wall -c -fmessage-length=0 -MMD -MP -MF"main.d" -MT"main.d" -o "main.o" "../main.c"
Finished building: ../main.c
 
Building target: update13-04
Invoking: Cross GCC Linker
gcc  -o "update13-04"  ./avl.o ./cp.o ./list.o ./main.o   
Finished building target: update13-04
 
